<?xml version="1.0" encoding="utf-8"?><testsuites><testsuite name="pytest" errors="0" failures="0" skipped="0" tests="4" time="53.657" timestamp="2022-07-23T13:15:29.263719" hostname="KI-LAPTOP174"><testcase classname="test_HomePage.TestTwo" name="test_formSubmission[getData0]" time="11.694" /><testcase classname="test_HomePage.TestTwo" name="test_formSubmission[getData1]" time="10.683" /><testcase classname="test_e2e.TestOne" name="test_e2e" time="29.005" /><testcase classname="test_e2e.TestOne" name="test_two" time="2.161" /></testsuite></testsuites>